0 info it worked if it ends with ok
1 verbose cli [ '/home/jy/.nvm/versions/node/v0.12.2/bin/node',
1 verbose cli   '/home/jy/.nvm/versions/node/v0.12.2/bin/npm',
1 verbose cli   'start' ]
2 info using npm@2.7.4
3 info using node@v0.12.2
4 verbose run-script [ 'prestart', 'start', 'poststart' ]
5 info prestart wsexample@0.0.1
6 info start wsexample@0.0.1
7 verbose unsafe-perm in lifecycle true
8 info wsexample@0.0.1 Failed to exec start script
9 verbose stack Error: wsexample@0.0.1 start: `node index.js`
9 verbose stack Exit status 1
9 verbose stack     at EventEmitter.<anonymous> (/home/jy/.nvm/versions/node/v0.12.2/lib/node_modules/npm/lib/utils/lifecycle.js:213:16)
9 verbose stack     at EventEmitter.emit (events.js:110:17)
9 verbose stack     at ChildProcess.<anonymous> (/home/jy/.nvm/versions/node/v0.12.2/lib/node_modules/npm/lib/utils/spawn.js:14:12)
9 verbose stack     at ChildProcess.emit (events.js:110:17)
9 verbose stack     at maybeClose (child_process.js:1015:16)
9 verbose stack     at Process.ChildProcess._handle.onexit (child_process.js:1087:5)
10 verbose pkgid wsexample@0.0.1
11 verbose cwd /home/jy/workspace/Chat
12 error Linux 3.13.0-32-generic
13 error argv "/home/jy/.nvm/versions/node/v0.12.2/bin/node" "/home/jy/.nvm/versions/node/v0.12.2/bin/npm" "start"
14 error node v0.12.2
15 error npm  v2.7.4
16 error code ELIFECYCLE
17 error wsexample@0.0.1 start: `node index.js`
17 error Exit status 1
18 error Failed at the wsexample@0.0.1 start script 'node index.js'.
18 error This is most likely a problem with the wsexample package,
18 error not with npm itself.
18 error Tell the author that this fails on your system:
18 error     node index.js
18 error You can get their info via:
18 error     npm owner ls wsexample
18 error There is likely additional logging output above.
19 verbose exit [ 1, true ]
